2024-11-09 12:38:51 - INFO - This is an INFO message
2024-11-09 12:38:51 - DEBUG - This is a DEBUG message
2024-11-09 12:38:51 - WARNING - This is a WARNING message
2024-11-09 12:38:51 - ERROR - This is an ERROR message
2024-11-09 12:38:51 - CRITICAL - This is a CRITICAL message
2024-11-09 12:40:16 - INFO - This is an INFO message
2024-11-09 12:40:16 - DEBUG - This is a DEBUG message
2024-11-09 12:40:16 - WARNING - This is a WARNING message
2024-11-09 12:40:16 - ERROR - This is an ERROR message
2024-11-09 12:40:16 - CRITICAL - This is a CRITICAL message
2024-11-09 12:42:14 - ERROR - /veiculos GET
2024-11-09 12:44:23 - ERROR - /veiculos GET
2024-11-09 12:44:28 - ERROR - /veiculos GET
2024-11-09 12:47:27 - INFO - This is an INFO message
2024-11-09 12:47:27 - DEBUG - This is a DEBUG message
2024-11-09 12:47:27 - WARNING - This is a WARNING message
2024-11-09 12:47:27 - ERROR - This is an ERROR message
2024-11-09 12:47:27 - CRITICAL - This is a CRITICAL message
2024-11-09 12:49:27 - INFO - /veiculos GET
2024-11-09 12:50:40 - ERROR - /veiculo/<placa>
2024-11-09 12:50:51 - INFO - /veiculos GET
2024-11-09 12:51:21 - INFO - /veículo POST - Veículo não encontrado e inserido
2024-11-09 12:51:30 - ERROR - /veiculo/<placa>
2024-11-09 12:51:39 - INFO - /veiculos GET
2024-11-09 12:51:49 - INFO - /veiculo POST - Veículo encontrado e atualizado
2024-11-09 12:51:53 - ERROR - /veiculo/<placa>
2024-11-09 12:52:00 - INFO - /veiculos GET
2024-11-09 12:52:21 - INFO - /veiculo POST - Veículo encontrado e atualizado
2024-11-09 12:52:31 - INFO - /veiculo/<placa> DELETE - Veículo não encontrado
2024-11-09 12:52:39 - INFO - /veiculo/<placa> DELETE - Veículo encontrado e deletado
2024-11-09 12:52:43 - INFO - /veiculos GET
2024-11-09 12:52:46 - ERROR - /veiculo/<placa>
2024-11-09 12:52:55 - ERROR - /veiculo/<placa>
2024-11-09 12:55:29 - ERROR - /veiculo/<placa>
2024-11-09 12:55:30 - INFO - This is an INFO message
2024-11-09 12:55:30 - DEBUG - This is a DEBUG message
2024-11-09 12:55:30 - WARNING - This is a WARNING message
2024-11-09 12:55:30 - ERROR - This is an ERROR message
2024-11-09 12:55:30 - CRITICAL - This is a CRITICAL message
2024-11-09 12:55:31 - ERROR - /veiculo/<placa>
2024-11-09 12:56:12 - INFO - /veículo POST - Veículo não encontrado e inserido
2024-11-09 12:56:39 - ERROR - /veiculo/<placa>
2024-11-09 12:59:57 - INFO - This is an INFO message
2024-11-09 12:59:57 - DEBUG - This is a DEBUG message
2024-11-09 12:59:57 - WARNING - This is a WARNING message
2024-11-09 12:59:57 - ERROR - This is an ERROR message
2024-11-09 12:59:57 - CRITICAL - This is a CRITICAL message
2024-11-09 13:00:28 - INFO - This is an INFO message
2024-11-09 13:00:28 - DEBUG - This is a DEBUG message
2024-11-09 13:00:28 - WARNING - This is a WARNING message
2024-11-09 13:00:28 - ERROR - This is an ERROR message
2024-11-09 13:00:28 - CRITICAL - This is a CRITICAL message
2024-11-09 13:01:01 - INFO - /veiculos GET
2024-11-09 13:01:05 - ERROR - /veiculo/<placa>
2024-11-09 13:01:22 - INFO - /veículo POST - Veículo não encontrado e inserido
2024-11-09 13:01:26 - INFO - /veiculos GET
2024-11-09 13:01:40 - ERROR - /veiculo/<placa>
2024-11-09 13:04:04 - INFO - /veiculos GET
2024-11-09 13:04:05 - INFO - /veiculos GET
2024-11-09 13:04:12 - INFO - /veiculo/<placa> GET - Veículo encontrado
2024-11-09 13:04:44 - INFO - /veículo POST - Veículo não encontrado e inserido
2024-11-09 13:04:45 - INFO - /veículo POST - Veículo não encontrado e inserido
2024-11-09 13:05:33 - INFO - /veículo POST - Veículo não encontrado e inserido
2024-11-09 13:05:54 - INFO - /veiculos GET
2024-11-09 13:06:06 - INFO - /veiculo/<placa> GET - Veículo encontrado
2024-11-09 13:06:16 - INFO - /veículo POST - Veículo não encontrado e inserido
2024-11-09 13:06:27 - INFO - /veiculo/<placa> GET - Veículo encontrado
2024-11-09 13:06:32 - INFO - /veiculo/<placa> DELETE - Veículo encontrado e deletado
2024-11-09 13:06:40 - INFO - /veiculo/<placa> GET - Veículo não encontrado
2024-11-09 13:06:46 - INFO - /veiculos GET
2024-11-09 13:07:49 - INFO - This is an INFO message
2024-11-09 13:07:49 - DEBUG - This is a DEBUG message
2024-11-09 13:07:49 - WARNING - This is a WARNING message
2024-11-09 13:07:49 - ERROR - This is an ERROR message
2024-11-09 13:07:49 - CRITICAL - This is a CRITICAL message
2024-11-09 13:08:06 - INFO - /veiculos GET
2024-11-09 13:08:36 - INFO - /veiculos GET
2024-11-09 13:08:55 - INFO - /veiculo/<placa> DELETE - Veículo não encontrado
2024-11-09 13:09:03 - INFO - /veiculos GET
2024-11-09 13:11:26 - INFO - /veiculo/<placa> GET - Veículo não encontrado
2024-11-09 13:11:54 - INFO - /veiculo/<placa> GET - Veículo não encontrado
2024-11-09 13:12:01 - INFO - /veiculo/<placa> GET - Veículo encontrado
2024-11-09 13:12:05 - INFO - /veiculos GET
2024-11-09 13:12:23 - INFO - /veículo POST - Veículo não encontrado e inserido
2024-11-09 13:12:27 - INFO - /veiculos GET
2024-11-09 13:12:34 - INFO - /veiculo/<placa> DELETE - Veículo encontrado e deletado
2024-11-09 13:12:36 - INFO - /veiculo/<placa> DELETE - Veículo não encontrado
2024-11-09 13:12:40 - INFO - /veiculos GET
2024-11-09 13:13:05 - INFO - /veículo POST - Veículo não encontrado e inserido
2024-11-09 13:13:32 - INFO - /veiculo/<placa> GET - Veículo encontrado
2024-11-09 13:15:24 - INFO - /veículo POST - Veículo não encontrado e inserido
2024-11-09 13:15:51 - INFO - /veiculo/<placa> GET - Veículo encontrado
2024-11-09 13:34:05 - INFO - /veiculos GET
2024-11-09 13:34:05 - INFO - /veiculos GET
2024-11-09 13:34:06 - INFO - /veiculos GET
2024-11-09 13:34:07 - INFO - /veiculos GET
2024-11-09 13:34:08 - INFO - /veiculos GET
2024-11-09 13:34:09 - INFO - /veiculos GET
2024-11-09 13:34:09 - INFO - /veiculos GET
2024-11-09 13:34:11 - INFO - /veiculos GET
2024-11-09 13:34:11 - INFO - /veiculos GET
2024-11-09 13:34:12 - INFO - /veiculos GET
2024-11-09 13:34:13 - INFO - /veiculos GET
2024-11-09 13:34:14 - INFO - /veiculos GET
2024-11-09 13:34:14 - INFO - /veiculos GET
2024-11-09 13:34:15 - INFO - /veiculos GET
2024-11-09 13:34:15 - INFO - /veiculos GET
2024-11-09 13:34:16 - INFO - /veiculos GET
2024-11-09 13:34:16 - INFO - /veiculos GET
2024-11-09 13:34:17 - INFO - /veiculos GET
2024-11-09 13:34:18 - INFO - /veiculos GET
2024-11-09 13:34:18 - INFO - /veiculos GET
2024-11-09 13:34:26 - INFO - /veiculos GET
2024-11-09 13:34:33 - INFO - /veiculos GET
2024-11-09 13:34:34 - INFO - /veiculos GET
2024-11-09 13:34:34 - INFO - /veiculos GET
2024-11-09 13:34:35 - INFO - /veiculos GET
2024-11-09 13:34:35 - INFO - /veiculos GET
2024-11-09 13:34:36 - INFO - /veiculos GET
2024-11-09 13:34:36 - INFO - /veiculos GET
2024-11-09 13:34:37 - INFO - /veiculos GET
2024-11-09 13:34:37 - INFO - /veiculos GET
2024-11-09 13:34:38 - INFO - /veiculos GET
2024-11-09 13:34:39 - INFO - /veiculos GET
2024-11-09 13:34:39 - INFO - /veiculos GET
2024-11-09 13:34:40 - INFO - /veiculos GET
2024-11-09 13:34:40 - INFO - /veiculos GET
2024-11-09 13:34:41 - INFO - /veiculos GET
2024-11-09 13:34:41 - INFO - /veiculos GET
2024-11-09 13:34:42 - INFO - /veiculos GET
2024-11-09 13:34:42 - INFO - /veiculos GET
2024-11-09 13:34:43 - INFO - /veiculos GET
2024-11-09 13:34:43 - INFO - /veiculos GET
2024-11-09 13:34:44 - INFO - /veiculos GET
2024-11-09 13:34:44 - INFO - /veiculos GET
2024-11-09 13:34:45 - INFO - /veiculos GET
2024-11-09 13:34:45 - INFO - /veiculos GET
2024-11-09 13:34:46 - INFO - /veiculos GET
2024-11-09 13:34:46 - INFO - /veiculos GET
2024-11-09 13:34:47 - INFO - /veiculos GET
2024-11-09 13:34:47 - INFO - /veiculos GET
2024-11-09 13:34:48 - INFO - /veiculos GET
2024-11-09 13:34:48 - INFO - /veiculos GET
2024-11-09 13:34:49 - INFO - /veiculos GET
2024-11-09 13:34:49 - INFO - /veiculos GET
2024-11-09 13:34:50 - INFO - /veiculos GET
2024-11-09 13:34:50 - INFO - /veiculos GET
2024-11-09 13:34:51 - INFO - /veiculos GET
2024-11-09 13:34:52 - INFO - /veiculos GET
2024-11-09 13:34:52 - INFO - /veiculos GET
2024-11-09 13:34:53 - INFO - /veiculos GET
2024-11-09 13:34:54 - INFO - /veiculos GET
2024-11-09 13:34:54 - INFO - /veiculos GET
2024-11-09 13:34:55 - INFO - /veiculos GET
2024-11-09 13:34:55 - INFO - /veiculos GET
2024-11-09 13:34:56 - INFO - /veiculos GET
2024-11-09 13:34:56 - INFO - /veiculos GET
2024-11-09 13:34:57 - INFO - /veiculos GET
2024-11-09 13:34:57 - INFO - /veiculos GET
2024-11-09 13:34:58 - INFO - /veiculos GET
2024-11-09 13:34:58 - INFO - /veiculos GET
2024-11-09 13:34:59 - INFO - /veiculos GET
2024-11-09 13:34:59 - INFO - /veiculos GET
2024-11-09 13:35:00 - INFO - /veiculos GET
2024-11-09 13:35:00 - INFO - /veiculos GET
2024-11-09 13:35:01 - INFO - /veiculos GET
2024-11-09 13:35:01 - INFO - /veiculos GET
2024-11-09 13:35:02 - INFO - /veiculos GET
2024-11-09 13:35:02 - INFO - /veiculos GET
2024-11-09 13:35:03 - INFO - /veiculos GET
2024-11-09 13:35:03 - INFO - /veiculos GET
2024-11-09 13:35:04 - INFO - /veiculos GET
2024-11-09 13:35:04 - INFO - /veiculos GET
2024-11-09 13:35:05 - INFO - /veiculos GET
2024-11-09 13:35:05 - INFO - /veiculos GET
2024-11-09 13:35:06 - INFO - /veiculos GET
2024-11-09 13:35:07 - INFO - /veiculos GET
2024-11-09 13:35:07 - INFO - /veiculos GET
2024-11-09 13:35:08 - INFO - /veiculos GET
2024-11-09 13:35:08 - INFO - /veiculos GET
2024-11-09 13:35:09 - INFO - /veiculos GET
2024-11-09 13:35:10 - INFO - /veiculos GET
2024-11-09 13:35:10 - INFO - /veiculos GET
2024-11-09 13:35:11 - INFO - /veiculos GET
2024-11-09 13:35:11 - INFO - /veiculos GET
2024-11-09 13:35:12 - INFO - /veiculos GET
2024-11-09 13:35:13 - INFO - /veiculos GET
2024-11-09 13:35:13 - INFO - /veiculos GET
2024-11-09 13:35:14 - INFO - /veiculos GET
2024-11-09 13:35:14 - INFO - /veiculos GET
2024-11-09 13:35:15 - INFO - /veiculos GET
2024-11-09 13:35:15 - INFO - /veiculos GET
2024-11-09 13:35:16 - INFO - /veiculos GET
2024-11-09 13:35:16 - INFO - /veiculos GET
2024-11-09 13:35:17 - INFO - /veiculos GET
2024-11-09 13:35:17 - INFO - /veiculos GET
2024-11-09 13:35:18 - INFO - /veiculos GET
2024-11-09 13:35:18 - INFO - /veiculos GET
2024-11-09 13:35:19 - INFO - /veiculos GET
2024-11-09 13:35:20 - INFO - /veiculos GET
2024-11-09 13:35:20 - INFO - /veiculos GET
2024-11-09 13:35:22 - INFO - /veiculos GET
2024-11-09 13:35:22 - INFO - /veiculos GET
2024-11-09 13:35:23 - INFO - /veiculos GET
2024-11-09 13:35:23 - INFO - /veiculos GET
2024-11-09 13:35:24 - INFO - /veiculos GET
2024-11-09 13:35:24 - INFO - /veiculos GET
2024-11-09 13:35:25 - INFO - /veiculos GET
2024-11-09 13:35:25 - INFO - /veiculos GET
2024-11-09 13:35:26 - INFO - /veiculos GET
2024-11-09 13:35:26 - INFO - /veiculos GET
2024-11-09 13:35:27 - INFO - /veiculos GET
2024-11-09 13:35:27 - INFO - /veiculos GET
2024-11-09 13:43:33 - INFO - /veiculos GET
2024-11-09 13:43:33 - INFO - /veiculos GET
2024-11-09 13:43:34 - INFO - /veiculos GET
2024-11-09 13:43:36 - INFO - /veiculos GET
2024-11-09 13:43:36 - INFO - /veiculos GET
2024-11-09 13:43:37 - INFO - /veiculos GET
2024-11-09 13:43:38 - INFO - /veiculos GET
2024-11-09 13:43:39 - INFO - /veiculos GET
2024-11-09 13:43:39 - INFO - /veiculos GET
2024-11-09 13:43:40 - INFO - /veiculos GET
2024-11-09 13:43:40 - INFO - /veiculos GET
2024-11-09 13:43:41 - INFO - /veiculos GET
2024-11-09 13:43:42 - INFO - /veiculos GET
2024-11-09 13:43:42 - INFO - /veiculos GET
2024-11-09 13:43:43 - INFO - /veiculos GET
2024-11-09 13:43:43 - INFO - /veiculos GET
2024-11-09 13:43:44 - INFO - /veiculos GET
2024-11-09 13:43:44 - INFO - /veiculos GET
2024-11-09 13:43:45 - INFO - /veiculos GET
2024-11-09 13:43:46 - INFO - /veiculos GET
2024-11-09 13:43:46 - INFO - /veiculos GET
2024-11-09 13:43:46 - INFO - /veiculos GET
2024-11-09 13:43:47 - INFO - /veiculos GET
2024-11-09 13:43:47 - INFO - /veiculos GET
2024-11-09 13:43:48 - INFO - /veiculos GET
2024-11-09 13:43:48 - INFO - /veiculos GET
2024-11-09 13:43:49 - INFO - /veiculos GET
2024-11-09 13:43:49 - INFO - /veiculos GET
2024-11-09 13:43:50 - INFO - /veiculos GET
2024-11-09 13:43:50 - INFO - /veiculos GET
2024-11-09 13:43:51 - INFO - /veiculos GET
2024-11-09 13:43:52 - INFO - /veiculos GET
2024-11-09 13:43:52 - INFO - /veiculos GET
2024-11-09 13:43:53 - INFO - /veiculos GET
2024-11-09 13:43:53 - INFO - /veiculos GET
2024-11-09 13:43:54 - INFO - /veiculos GET
2024-11-09 13:43:54 - INFO - /veiculos GET
2024-11-09 13:43:55 - INFO - /veiculos GET
2024-11-09 13:43:55 - INFO - /veiculos GET
2024-11-09 13:43:57 - INFO - /veiculos GET
2024-11-09 13:43:57 - INFO - /veiculos GET
2024-11-09 13:43:58 - INFO - /veiculos GET
2024-11-09 13:43:58 - INFO - /veiculos GET
2024-11-09 13:43:59 - INFO - /veiculos GET
2024-11-09 13:44:00 - INFO - /veiculos GET
2024-11-09 13:44:00 - INFO - /veiculos GET
2024-11-09 13:44:01 - INFO - /veiculos GET
2024-11-09 13:44:01 - INFO - /veiculos GET
2024-11-09 13:44:02 - INFO - /veiculos GET
2024-11-09 13:44:02 - INFO - /veiculos GET
2024-11-09 13:44:03 - INFO - /veiculos GET
2024-11-09 13:44:04 - INFO - /veiculos GET
2024-11-09 13:44:04 - INFO - /veiculos GET
2024-11-09 13:44:05 - INFO - /veiculos GET
2024-11-09 13:44:05 - INFO - /veiculos GET
2024-11-09 13:44:06 - INFO - /veiculos GET
2024-11-09 13:44:06 - INFO - /veiculos GET
2024-11-09 13:44:07 - INFO - /veiculos GET
2024-11-09 13:44:07 - INFO - /veiculos GET
2024-11-09 13:44:08 - INFO - /veiculos GET
2024-11-09 13:44:08 - INFO - /veiculos GET
2024-11-09 13:44:09 - INFO - /veiculos GET
2024-11-09 13:44:09 - INFO - /veiculos GET
2024-11-09 13:44:10 - INFO - /veiculos GET
2024-11-09 13:44:10 - INFO - /veiculos GET
2024-11-09 13:44:11 - INFO - /veiculos GET
2024-11-09 13:44:12 - INFO - /veiculos GET
2024-11-09 13:44:12 - INFO - /veiculos GET
2024-11-09 13:44:13 - INFO - /veiculos GET
2024-11-09 13:44:13 - INFO - /veiculos GET
2024-11-09 13:44:14 - INFO - /veiculos GET
2024-11-09 13:44:14 - INFO - /veiculos GET
2024-11-09 13:44:15 - INFO - /veiculos GET
2024-11-09 13:44:15 - INFO - /veiculos GET
2024-11-09 13:44:16 - INFO - /veiculos GET
2024-11-09 13:44:17 - INFO - /veiculos GET
2024-11-09 13:44:17 - INFO - /veiculos GET
2024-11-09 13:44:18 - INFO - /veiculos GET
2024-11-09 13:44:18 - INFO - /veiculos GET
2024-11-09 13:44:19 - INFO - /veiculos GET
2024-11-09 13:44:19 - INFO - /veiculos GET
2024-11-09 13:44:20 - INFO - /veiculos GET
2024-11-09 13:44:21 - INFO - /veiculos GET
2024-11-09 13:44:21 - INFO - /veiculos GET
2024-11-09 13:44:22 - INFO - /veiculos GET
2024-11-09 13:44:22 - INFO - /veiculos GET
2024-11-09 13:44:23 - INFO - /veiculos GET
2024-11-09 13:44:23 - INFO - /veiculos GET
2024-11-09 13:44:24 - INFO - /veiculos GET
2024-11-09 13:44:24 - INFO - /veiculos GET
2024-11-09 13:44:25 - INFO - /veiculos GET
2024-11-09 13:44:25 - INFO - /veiculos GET
2024-11-09 13:44:26 - INFO - /veiculos GET
2024-11-09 13:44:27 - INFO - /veiculos GET
2024-11-09 13:44:27 - INFO - /veiculos GET
2024-11-09 13:44:28 - INFO - /veiculos GET
2024-11-09 13:44:28 - INFO - /veiculos GET
2024-11-09 13:44:29 - INFO - /veiculos GET
2024-11-09 13:44:29 - INFO - /veiculos GET
2024-11-09 13:44:30 - INFO - /veiculos GET
2024-11-09 13:44:31 - INFO - /veiculos GET
2024-11-09 13:44:31 - INFO - /veiculos GET
2024-11-09 13:44:32 - INFO - /veiculos GET
2024-11-09 13:44:32 - INFO - /veiculos GET
2024-11-09 13:44:33 - INFO - /veiculos GET
2024-11-09 13:44:33 - INFO - /veiculos GET
2024-11-09 13:44:34 - INFO - /veiculos GET
2024-11-09 13:44:35 - INFO - /veiculos GET
2024-11-09 13:44:35 - INFO - /veiculos GET
2024-11-09 13:44:36 - INFO - /veiculos GET
2024-11-09 13:44:36 - INFO - /veiculos GET
2024-11-09 13:44:37 - INFO - /veiculos GET
2024-11-09 13:44:37 - INFO - /veiculos GET
2024-11-09 13:44:38 - INFO - /veiculos GET
2024-11-09 13:44:38 - INFO - /veiculos GET
2024-11-09 13:44:39 - INFO - /veiculos GET
2024-11-09 13:44:39 - INFO - /veiculos GET
2024-11-09 13:44:40 - INFO - /veiculos GET
2024-11-09 13:44:40 - INFO - /veiculos GET
2024-11-09 13:44:41 - INFO - /veiculos GET
2024-11-09 13:44:41 - INFO - /veiculos GET
2024-11-09 13:44:42 - INFO - /veiculos GET
2024-11-09 13:44:43 - INFO - /veiculos GET
2024-11-09 13:44:43 - INFO - /veiculos GET
2024-11-09 13:44:44 - INFO - /veiculos GET
2024-11-09 13:44:44 - INFO - /veiculos GET
2024-11-09 13:44:45 - INFO - /veiculos GET
2024-11-09 13:44:45 - INFO - /veiculos GET
2024-11-09 13:44:46 - INFO - /veiculos GET
2024-11-09 13:44:47 - INFO - /veiculos GET
2024-11-09 13:44:47 - INFO - /veiculos GET
2024-11-09 13:44:48 - INFO - /veiculos GET
2024-11-09 13:44:48 - INFO - /veículo POST - Veículo não encontrado e inserido
2024-11-09 13:44:48 - INFO - /veiculos GET
2024-11-09 13:44:49 - INFO - /veiculos GET
2024-11-09 13:44:50 - INFO - /veiculos GET
2024-11-09 13:44:50 - INFO - /veiculos GET
2024-11-09 13:44:51 - INFO - /veiculos GET
2024-11-09 13:44:52 - INFO - /veiculos GET
2024-11-09 13:44:52 - INFO - /veiculos GET
2024-11-09 13:44:53 - INFO - /veiculos GET
2024-11-09 13:44:53 - INFO - /veiculos GET
2024-11-09 13:44:54 - INFO - /veiculos GET
2024-11-09 13:44:54 - INFO - /veiculos GET
2024-11-09 13:44:55 - INFO - /veiculos GET
2024-11-09 13:44:55 - INFO - /veiculos GET
2024-11-09 13:44:56 - INFO - /veiculos GET
2024-11-09 13:44:56 - INFO - /veiculos GET
2024-11-09 13:44:57 - INFO - /veiculos GET
2024-11-09 13:44:57 - INFO - /veiculos GET
2024-11-09 13:44:58 - INFO - /veiculos GET
2024-11-09 13:44:58 - INFO - /veiculos GET
2024-11-09 13:44:59 - INFO - /veiculos GET
2024-11-09 13:45:00 - INFO - /veiculos GET
2024-11-09 13:45:00 - INFO - /veiculos GET
2024-11-09 13:45:02 - INFO - /veiculos GET
2024-11-09 13:45:03 - INFO - /veiculos GET
2024-11-09 13:45:03 - INFO - /veiculos GET
2024-11-09 13:45:04 - INFO - /veiculos GET
2024-11-09 13:45:04 - INFO - /veiculos GET
2024-11-09 13:45:05 - INFO - /veiculos GET
2024-11-09 13:45:05 - INFO - /veiculos GET
2024-11-09 13:45:06 - INFO - /veiculos GET
2024-11-09 13:45:06 - INFO - /veiculos GET
2024-11-09 13:45:07 - INFO - /veiculos GET
2024-11-09 13:45:07 - INFO - /veiculos GET
2024-11-09 13:45:08 - INFO - /veiculos GET
2024-11-09 13:45:08 - INFO - /veiculos GET
2024-11-09 13:45:09 - INFO - /veiculos GET
2024-11-09 13:45:09 - INFO - /veiculos GET
2024-11-09 13:45:10 - INFO - /veiculos GET
2024-11-09 13:45:10 - INFO - /veiculos GET
2024-11-09 13:45:11 - INFO - /veiculos GET
2024-11-09 13:45:11 - INFO - /veiculos GET
2024-11-09 13:45:12 - INFO - /veiculos GET
2024-11-09 13:45:13 - INFO - /veiculos GET
2024-11-09 13:45:13 - INFO - /veiculos GET
2024-11-09 13:45:14 - INFO - /veiculos GET
2024-11-09 13:45:14 - INFO - /veiculos GET
2024-11-09 13:45:15 - INFO - /veiculos GET
2024-11-09 13:45:16 - INFO - /veiculos GET
2024-11-09 13:45:16 - INFO - /veiculos GET
2024-11-09 13:45:17 - INFO - /veiculos GET
2024-11-09 13:45:18 - INFO - /veiculos GET
2024-11-09 13:45:18 - INFO - /veiculos GET
2024-11-09 13:45:19 - INFO - /veiculos GET
2024-11-09 13:45:19 - INFO - /veiculos GET
2024-11-09 13:45:20 - INFO - /veiculos GET
2024-11-09 13:45:20 - INFO - /veiculos GET
2024-11-09 13:45:21 - INFO - /veiculos GET
2024-11-09 13:45:21 - INFO - /veiculos GET
2024-11-09 13:45:22 - INFO - /veiculos GET
2024-11-09 13:45:22 - INFO - /veiculos GET
2024-11-09 13:45:24 - INFO - /veiculos GET
2024-11-09 13:45:24 - INFO - /veiculos GET
2024-11-09 13:45:25 - INFO - /veiculos GET
2024-11-09 13:45:25 - INFO - /veiculos GET
2024-11-09 13:45:26 - INFO - /veiculos GET
2024-11-09 13:45:26 - INFO - /veiculos GET
2024-11-09 13:45:27 - INFO - /veiculos GET
2024-11-09 13:45:27 - INFO - /veiculos GET
2024-11-09 13:45:28 - INFO - /veiculos GET
2024-11-09 13:45:28 - INFO - /veiculos GET
2024-11-09 13:45:29 - INFO - /veiculos GET
2024-11-09 13:45:29 - INFO - /veiculos GET
2024-11-09 13:45:30 - INFO - /veiculos GET
2024-11-09 13:45:31 - INFO - /veiculos GET
2024-11-09 13:45:31 - INFO - /veiculos GET
2024-11-09 13:45:32 - INFO - /veiculos GET
2024-11-09 13:45:32 - INFO - /veiculos GET
2024-11-09 13:45:33 - INFO - /veiculos GET
2024-11-09 13:45:34 - INFO - /veiculos GET
2024-11-09 13:45:34 - INFO - /veiculos GET
2024-11-09 13:45:35 - INFO - /veiculos GET
2024-11-09 13:45:36 - INFO - /veiculos GET
2024-11-09 13:45:37 - INFO - /veiculos GET
2024-11-09 13:45:38 - INFO - /veiculos GET
2024-11-09 13:45:38 - INFO - /veiculos GET
2024-11-09 13:45:39 - INFO - /veiculos GET
2024-11-09 13:45:39 - INFO - /veiculos GET
2024-11-09 13:45:40 - INFO - /veiculos GET
2024-11-09 13:45:40 - INFO - /veiculos GET
2024-11-09 13:45:41 - INFO - /veiculos GET
2024-11-09 13:45:41 - INFO - /veiculos GET
2024-11-09 13:45:42 - INFO - /veiculos GET
2024-11-09 13:45:42 - INFO - /veiculos GET
2024-11-09 13:45:43 - INFO - /veiculos GET
2024-11-09 13:45:44 - INFO - /veiculos GET
2024-11-09 13:45:45 - INFO - /veiculos GET
2024-11-09 13:45:45 - INFO - /veiculos GET
2024-11-09 13:45:46 - INFO - /veiculos GET
2024-11-09 13:45:48 - INFO - /veiculos GET
2024-11-09 13:45:49 - INFO - /veiculos GET
2024-11-09 13:45:49 - INFO - /veiculos GET
2024-11-09 13:45:51 - INFO - /veiculos GET
2024-11-09 13:45:52 - INFO - /veiculos GET
2024-11-09 13:45:53 - INFO - /veiculos GET
2024-11-09 13:45:53 - INFO - /veiculos GET
2024-11-09 13:45:53 - INFO - /veiculos GET
2024-11-09 13:45:54 - INFO - /veiculos GET
2024-11-09 13:45:54 - INFO - /veiculos GET
2024-11-09 13:45:55 - INFO - /veiculos GET
2024-11-09 13:45:56 - INFO - /veiculos GET
2024-11-09 13:45:56 - INFO - /veiculos GET
2024-11-09 13:45:57 - INFO - /veiculos GET
2024-11-09 13:45:58 - INFO - /veiculos GET
2024-11-09 13:45:58 - INFO - /veículo POST - Veículo não encontrado e inserido
2024-11-09 13:45:58 - INFO - /veiculos GET
2024-11-09 13:45:59 - INFO - /veiculos GET
2024-11-09 13:45:59 - INFO - /veiculos GET
2024-11-09 13:46:00 - INFO - /veiculos GET
2024-11-09 13:46:01 - INFO - /veiculos GET
2024-11-09 13:46:01 - INFO - /veiculos GET
2024-11-09 13:46:02 - INFO - /veiculos GET
2024-11-09 13:46:02 - INFO - /veiculos GET
2024-11-09 13:46:03 - INFO - /veiculos GET
2024-11-09 13:46:03 - INFO - /veiculos GET
2024-11-09 13:46:04 - INFO - /veiculos GET
2024-11-09 13:46:04 - INFO - /veiculos GET
2024-11-09 13:46:05 - INFO - /veiculos GET
2024-11-09 13:46:06 - INFO - /veiculos GET
2024-11-09 13:46:06 - INFO - /veiculos GET
2024-11-09 13:46:07 - INFO - /veiculos GET
2024-11-09 13:46:08 - INFO - /veiculos GET
2024-11-09 13:46:08 - INFO - /veiculos GET
2024-11-09 13:46:09 - INFO - /veiculos GET
2024-11-09 13:46:09 - INFO - /veiculos GET
2024-11-09 13:46:10 - INFO - /veiculos GET
2024-11-09 13:46:10 - INFO - /veiculos GET
2024-11-09 13:46:11 - INFO - /veiculos GET
2024-11-09 13:46:11 - INFO - /veiculos GET
2024-11-09 13:46:12 - INFO - This is an INFO message
2024-11-09 13:46:12 - DEBUG - This is a DEBUG message
2024-11-09 13:46:12 - WARNING - This is a WARNING message
2024-11-09 13:46:12 - ERROR - This is an ERROR message
2024-11-09 13:46:12 - CRITICAL - This is a CRITICAL message
2024-11-09 13:46:12 - INFO - /veiculos GET
2024-11-09 13:46:13 - INFO - /veiculos GET
2024-11-09 13:46:13 - INFO - /veiculos GET
2024-11-09 13:46:14 - INFO - /veiculos GET
2024-11-09 13:46:14 - INFO - /veiculos GET
2024-11-09 13:46:15 - INFO - /veiculos GET
2024-11-09 13:46:16 - INFO - /veiculos GET
2024-11-09 13:46:16 - INFO - /veiculos GET
2024-11-09 13:46:17 - INFO - /veiculos GET
2024-11-09 13:46:18 - INFO - /veiculos GET
2024-11-09 13:46:19 - INFO - /veiculos GET
2024-11-09 13:46:19 - INFO - /veiculos GET
2024-11-09 13:46:20 - INFO - /veiculos GET
2024-11-09 13:46:20 - INFO - /veiculos GET
2024-11-09 13:46:21 - INFO - /veiculos GET
2024-11-09 13:46:21 - INFO - /veiculos GET
2024-11-09 13:46:22 - INFO - /veiculos GET
2024-11-09 13:46:22 - INFO - /veiculos GET
2024-11-09 13:46:23 - INFO - /veiculos GET
2024-11-09 13:46:23 - INFO - /veiculos GET
2024-11-09 13:46:24 - INFO - /veiculos GET
2024-11-09 13:46:25 - INFO - /veiculos GET
2024-11-09 13:46:25 - INFO - /veiculos GET
2024-11-09 13:46:26 - INFO - /veiculos GET
2024-11-09 13:46:27 - INFO - /veiculos GET
2024-11-09 13:46:27 - INFO - /veiculos GET
2024-11-09 13:46:28 - INFO - /veiculos GET
2024-11-09 13:46:28 - INFO - /veiculos GET
2024-11-09 13:46:29 - INFO - /veiculos GET
2024-11-09 13:46:30 - INFO - /veiculos GET
2024-11-09 13:46:30 - INFO - /veiculos GET
2024-11-09 13:46:31 - INFO - /veiculos GET
2024-11-09 13:46:31 - INFO - /veiculo/<placa> GET - Veículo encontrado
2024-11-09 13:46:31 - INFO - /veiculos GET
2024-11-09 13:46:32 - INFO - /veiculos GET
2024-11-09 13:46:33 - INFO - /veiculos GET
2024-11-09 13:46:33 - INFO - /veiculos GET
2024-11-09 13:46:34 - INFO - /veiculos GET
2024-11-09 13:46:34 - INFO - /veiculos GET
2024-11-09 13:46:35 - INFO - /veiculos GET
2024-11-09 13:46:36 - INFO - /veiculos GET
2024-11-09 13:46:36 - INFO - /veiculos GET
2024-11-09 13:46:37 - INFO - /veiculos GET
2024-11-09 13:46:38 - INFO - /veiculos GET
2024-11-09 13:46:39 - INFO - /veiculos GET
2024-11-09 13:46:39 - INFO - /veiculos GET
2024-11-09 13:46:40 - INFO - /veiculos GET
2024-11-09 13:46:41 - INFO - /veiculos GET
2024-11-09 13:46:41 - INFO - /veiculos GET
2024-11-09 13:46:42 - INFO - /veiculos GET
2024-11-09 13:46:42 - INFO - /veiculos GET
2024-11-09 13:46:43 - INFO - /veiculos GET
2024-11-09 13:46:44 - INFO - /veiculos GET
2024-11-09 13:46:44 - INFO - /veiculos GET
2024-11-09 13:46:45 - INFO - /veiculos GET
2024-11-09 13:46:45 - INFO - /veiculos GET
2024-11-09 13:46:46 - INFO - /veiculos GET
2024-11-09 13:46:46 - INFO - /veiculos GET
2024-11-09 13:46:47 - INFO - /veiculos GET
2024-11-09 13:46:48 - INFO - /veiculos GET
2024-11-09 13:46:49 - INFO - /veiculos GET
2024-11-09 13:46:49 - INFO - /veiculos GET
2024-11-09 13:46:50 - INFO - /veiculos GET
2024-11-09 13:46:51 - INFO - /veiculos GET
2024-11-09 13:46:51 - INFO - /veiculos GET
2024-11-09 13:46:52 - INFO - /veiculos GET
2024-11-09 13:46:52 - INFO - /veiculos GET
2024-11-09 13:46:53 - INFO - /veiculos GET
2024-11-09 13:46:54 - INFO - /veiculos GET
2024-11-09 13:46:54 - INFO - /veiculos GET
2024-11-09 13:46:55 - INFO - /veiculos GET
2024-11-09 13:46:56 - INFO - /veiculos GET
2024-11-09 13:46:56 - INFO - /veiculos GET
2024-11-09 13:46:57 - INFO - /veiculos GET
2024-11-09 13:46:57 - INFO - /veiculos GET
2024-11-09 13:46:58 - INFO - /veiculos GET
2024-11-09 13:46:59 - INFO - /veiculos GET
2024-11-09 13:46:59 - INFO - /veiculos GET
2024-11-09 13:47:00 - INFO - /veiculos GET
2024-11-09 13:47:01 - INFO - /veiculos GET
2024-11-09 13:47:01 - INFO - /veiculos GET
2024-11-09 13:47:02 - INFO - /veiculos GET
2024-11-09 13:47:02 - INFO - /veiculos GET
2024-11-09 13:47:03 - INFO - /veiculos GET
2024-11-09 13:47:03 - INFO - /veiculos GET
2024-11-09 13:47:04 - INFO - /veiculos GET
2024-11-09 13:47:04 - INFO - /veiculos GET
2024-11-09 13:47:05 - INFO - /veiculos GET
2024-11-09 13:47:05 - INFO - /veiculos GET
2024-11-09 13:47:06 - INFO - /veiculos GET
2024-11-09 13:47:06 - INFO - /veiculos GET
2024-11-09 13:47:07 - INFO - /veiculos GET
2024-11-09 13:47:07 - INFO - /veiculos GET
2024-11-09 13:47:08 - INFO - /veiculos GET
2024-11-09 13:47:10 - INFO - /veiculos GET
2024-11-09 13:47:10 - INFO - /veiculos GET
2024-11-09 13:47:11 - INFO - /veiculos GET
2024-11-09 13:47:11 - INFO - /veiculos GET
2024-11-09 13:47:12 - INFO - /veiculos GET
2024-11-09 13:47:12 - INFO - /veiculos GET
2024-11-09 13:47:13 - INFO - /veiculos GET
2024-11-09 13:47:13 - INFO - /veiculos GET
2024-11-09 13:47:14 - INFO - /veiculos GET
2024-11-09 13:47:14 - INFO - /veiculos GET
2024-11-09 13:47:15 - INFO - /veiculos GET
2024-11-09 13:47:15 - INFO - /veiculos GET
2024-11-09 13:47:16 - INFO - /veiculos GET
2024-11-09 13:47:16 - INFO - /veiculos GET
2024-11-09 13:47:17 - INFO - /veiculos GET
2024-11-09 13:47:17 - INFO - /veiculos GET
2024-11-09 13:47:17 - INFO - /veiculos GET
2024-11-09 13:47:18 - INFO - /veiculos GET
2024-11-09 13:47:18 - INFO - /veiculos GET
2024-11-09 13:47:19 - INFO - /veiculos GET
2024-11-09 13:47:19 - INFO - /veiculos GET
2024-11-09 13:47:20 - INFO - /veiculos GET
2024-11-09 13:47:20 - INFO - /veiculos GET
2024-11-09 13:47:21 - INFO - /veiculos GET
2024-11-09 13:47:21 - INFO - /veiculos GET
2024-11-09 13:47:22 - INFO - /veiculos GET
2024-11-09 13:47:22 - INFO - /veiculos GET
2024-11-09 13:47:23 - INFO - /veiculos GET
2024-11-09 13:47:23 - INFO - /veiculos GET
2024-11-09 13:47:24 - INFO - /veiculos GET
2024-11-09 13:47:24 - INFO - /veiculos GET
2024-11-09 13:47:25 - INFO - /veiculos GET
2024-11-09 13:47:25 - INFO - /veiculos GET
2024-11-09 13:47:26 - INFO - /veiculos GET
2024-11-09 13:47:26 - INFO - /veiculos GET
2024-11-09 13:47:27 - INFO - /veiculos GET
2024-11-09 13:47:27 - INFO - /veiculos GET
2024-11-09 13:47:28 - INFO - /veiculos GET
2024-11-09 13:47:28 - INFO - /veiculos GET
2024-11-09 13:47:28 - INFO - /veiculos GET
2024-11-09 13:47:29 - INFO - /veiculos GET
2024-11-09 13:47:29 - INFO - /veiculos GET
2024-11-09 13:47:30 - INFO - /veiculos GET
2024-11-09 13:47:30 - INFO - /veiculos GET
2024-11-09 13:47:31 - INFO - /veiculos GET
2024-11-09 13:47:31 - INFO - /veiculos GET
2024-11-09 13:47:32 - INFO - /veiculos GET
2024-11-09 13:47:32 - INFO - /veiculos GET
2024-11-09 13:47:32 - INFO - /veiculos GET
2024-11-09 13:47:33 - INFO - /veiculos GET
2024-11-09 13:47:34 - INFO - /veiculos GET
2024-11-09 13:47:34 - INFO - /veiculos GET
2024-11-09 13:47:35 - INFO - /veiculos GET
2024-11-09 13:47:35 - INFO - /veiculos GET
2024-11-09 13:47:36 - INFO - /veiculos GET
2024-11-09 13:47:36 - INFO - /veiculos GET
2024-11-09 13:47:36 - INFO - /veiculos GET
2024-11-09 13:47:37 - INFO - /veiculos GET
2024-11-09 13:47:37 - INFO - /veiculos GET
2024-11-09 13:47:38 - INFO - /veiculos GET
2024-11-09 13:47:38 - INFO - /veiculos GET
2024-11-09 13:47:39 - INFO - /veiculos GET
2024-11-09 13:47:40 - INFO - /veiculos GET
2024-11-09 13:47:40 - INFO - /veiculos GET
2024-11-09 13:47:41 - INFO - /veiculos GET
2024-11-09 13:47:41 - INFO - /veiculos GET
2024-11-09 13:47:42 - INFO - /veiculos GET
2024-11-09 13:47:42 - INFO - /veiculos GET
2024-11-09 13:47:42 - INFO - /veiculos GET
2024-11-09 13:47:43 - INFO - /veiculos GET
2024-11-09 13:47:44 - INFO - /veiculos GET
2024-11-09 13:47:44 - INFO - /veiculos GET
2024-11-09 13:47:45 - INFO - /veiculos GET
2024-11-09 13:47:45 - INFO - /veiculos GET
2024-11-09 13:47:45 - INFO - /veiculos GET
2024-11-09 13:47:46 - INFO - /veiculos GET
2024-11-09 13:47:46 - INFO - /veiculos GET
2024-11-09 13:47:47 - INFO - /veiculos GET
2024-11-09 13:47:47 - INFO - /veiculos GET
2024-11-09 13:47:48 - INFO - /veiculos GET
2024-11-09 13:47:48 - INFO - /veiculos GET
2024-11-09 13:47:49 - INFO - /veiculos GET
2024-11-09 13:47:49 - INFO - /veiculos GET
2024-11-09 13:47:50 - INFO - /veiculos GET
2024-11-09 13:47:50 - INFO - /veiculos GET
2024-11-09 13:47:51 - INFO - /veiculos GET
2024-11-09 13:47:51 - INFO - /veiculos GET
2024-11-09 13:47:52 - INFO - /veiculos GET
2024-11-09 13:47:53 - INFO - /veiculos GET
2024-11-09 13:47:54 - INFO - /veiculos GET
2024-11-09 13:47:54 - INFO - /veiculos GET
2024-11-09 13:47:55 - INFO - /veiculos GET
2024-11-09 13:47:55 - INFO - /veiculos GET
2024-11-09 13:47:56 - INFO - /veiculos GET
2024-11-09 13:47:57 - INFO - /veiculos GET
2024-11-09 13:47:57 - INFO - /veiculos GET
2024-11-09 13:47:58 - INFO - /veiculos GET
2024-11-09 13:47:58 - INFO - /veiculos GET
2024-11-09 13:47:59 - INFO - /veiculos GET
2024-11-09 13:48:00 - INFO - /veiculos GET
2024-11-09 13:48:00 - INFO - /veiculos GET
2024-11-09 13:48:00 - INFO - /veiculos GET
2024-11-09 13:48:01 - INFO - /veiculos GET
2024-11-09 13:48:02 - INFO - /veiculos GET
2024-11-09 13:48:02 - INFO - /veiculos GET
2024-11-09 13:48:03 - INFO - /veiculos GET
2024-11-09 13:48:03 - INFO - /veiculos GET
2024-11-09 13:48:04 - INFO - /veiculos GET
2024-11-09 13:48:04 - INFO - /veiculos GET
2024-11-09 13:48:05 - INFO - /veiculos GET
2024-11-09 13:48:05 - INFO - /veiculos GET
2024-11-09 13:48:05 - INFO - /veiculos GET
2024-11-09 13:48:06 - INFO - /veiculos GET
2024-11-09 13:48:06 - INFO - /veiculos GET
2024-11-09 13:48:07 - INFO - /veiculos GET
2024-11-09 13:48:07 - INFO - /veiculos GET
2024-11-09 13:48:08 - INFO - /veiculos GET
2024-11-09 13:48:08 - INFO - /veiculos GET
2024-11-09 13:48:09 - INFO - /veiculos GET
2024-11-09 13:48:09 - INFO - /veiculos GET
2024-11-09 13:48:10 - INFO - /veiculos GET
2024-11-09 13:48:10 - INFO - /veiculos GET
2024-11-09 13:48:10 - INFO - /veiculos GET
2024-11-09 13:48:11 - INFO - /veiculos GET
2024-11-09 13:48:11 - INFO - /veiculos GET
2024-11-09 13:48:12 - INFO - /veiculos GET
2024-11-09 13:48:12 - INFO - /veiculos GET
2024-11-09 13:48:13 - INFO - /veiculos GET
2024-11-09 13:48:13 - INFO - /veiculos GET
2024-11-09 13:48:14 - INFO - /veiculos GET
2024-11-09 13:48:14 - INFO - /veiculos GET
2024-11-09 13:48:15 - INFO - /veiculos GET
2024-11-09 13:48:15 - INFO - /veiculos GET
2024-11-09 13:48:15 - INFO - /veiculos GET
2024-11-09 13:48:16 - INFO - /veiculos GET
2024-11-09 13:48:16 - INFO - /veiculos GET
2024-11-09 13:48:17 - INFO - /veiculos GET
2024-11-09 13:48:17 - INFO - /veiculos GET
2024-11-09 13:48:18 - INFO - /veiculos GET
2024-11-09 13:48:18 - INFO - /veiculos GET
2024-11-09 13:48:19 - INFO - /veiculos GET
2024-11-09 13:48:19 - INFO - /veiculos GET
2024-11-09 13:48:20 - INFO - /veiculos GET
2024-11-09 13:48:20 - INFO - /veiculos GET
2024-11-09 13:48:21 - INFO - /veiculos GET
2024-11-09 13:48:22 - INFO - /veiculos GET
2024-11-09 13:48:22 - INFO - /veiculos GET
2024-11-09 13:48:23 - INFO - /veiculos GET
2024-11-09 13:48:23 - INFO - /veiculos GET
2024-11-09 13:48:24 - INFO - /veiculos GET
2024-11-09 13:48:24 - INFO - /veiculos GET
2024-11-09 13:48:25 - INFO - /veiculos GET
2024-11-09 13:48:25 - INFO - /veiculos GET
2024-11-09 13:48:26 - INFO - /veiculos GET
2024-11-09 13:48:26 - INFO - /veiculos GET
2024-11-09 13:48:27 - INFO - /veiculos GET
2024-11-09 13:48:27 - INFO - /veiculos GET
2024-11-09 13:48:28 - INFO - /veiculos GET
2024-11-09 13:48:28 - INFO - /veiculos GET
2024-11-09 13:48:29 - INFO - /veiculos GET
2024-11-09 13:48:29 - INFO - /veiculos GET
2024-11-09 13:48:30 - INFO - /veiculos GET
2024-11-09 13:48:31 - INFO - /veiculos GET
2024-11-09 13:48:31 - INFO - /veiculos GET
2024-11-09 13:48:32 - INFO - /veiculos GET
2024-11-09 13:48:32 - INFO - /veiculos GET
2024-11-09 13:48:33 - INFO - /veiculos GET
2024-11-09 13:48:33 - INFO - /veiculos GET
2024-11-09 13:48:34 - INFO - /veiculos GET
2024-11-09 13:48:34 - INFO - /veiculos GET
2024-11-09 13:48:35 - INFO - /veiculos GET
2024-11-09 13:48:35 - INFO - /veiculos GET
2024-11-09 13:48:36 - INFO - /veiculos GET
2024-11-09 13:48:36 - INFO - /veiculos GET
2024-11-09 13:48:37 - INFO - /veiculos GET
2024-11-09 13:48:37 - INFO - /veiculos GET
2024-11-09 13:48:38 - INFO - /veiculos GET
2024-11-09 13:48:39 - INFO - /veiculos GET
2024-11-09 13:48:39 - INFO - /veiculos GET
2024-11-09 13:48:40 - INFO - /veiculos GET
2024-11-09 13:48:40 - INFO - /veiculos GET
2024-11-09 13:48:41 - INFO - /veiculos GET
2024-11-09 13:48:42 - INFO - /veiculos GET
2024-11-09 13:48:42 - INFO - /veiculos GET
2024-11-09 13:48:43 - INFO - /veiculos GET
2024-11-09 13:48:44 - INFO - /veiculos GET
2024-11-09 13:48:44 - INFO - /veiculos GET
2024-11-09 13:48:45 - INFO - /veiculos GET
2024-11-09 13:48:46 - INFO - /veiculos GET
2024-11-09 13:48:46 - INFO - /veiculos GET
2024-11-09 13:48:47 - INFO - /veiculos GET
2024-11-09 13:48:47 - INFO - /veiculos GET
2024-11-09 13:48:48 - INFO - /veiculos GET
2024-11-09 13:48:48 - INFO - /veiculos GET
2024-11-09 13:48:49 - INFO - /veiculos GET
2024-11-09 13:48:50 - INFO - /veiculos GET
2024-11-09 13:48:50 - INFO - /veiculos GET
2024-11-09 13:48:51 - INFO - /veiculos GET
2024-11-09 13:48:51 - INFO - /veiculos GET
2024-11-09 13:48:52 - INFO - /veiculos GET
2024-11-09 13:48:52 - INFO - /veiculos GET
2024-11-09 13:48:53 - INFO - /veiculos GET
2024-11-09 13:48:53 - INFO - /veiculos GET
2024-11-09 13:48:54 - INFO - /veiculos GET
2024-11-09 13:48:55 - INFO - /veiculos GET
2024-11-09 13:48:55 - INFO - /veiculos GET
2024-11-09 13:48:56 - INFO - /veiculos GET
2024-11-09 13:48:57 - INFO - /veiculos GET
2024-11-09 13:48:57 - INFO - /veiculos GET
2024-11-09 13:48:58 - INFO - /veiculos GET
2024-11-09 13:48:58 - INFO - /veiculos GET
2024-11-09 13:48:59 - INFO - /veiculos GET
2024-11-09 13:49:00 - INFO - /veiculos GET
2024-11-09 13:49:00 - INFO - /veiculos GET
2024-11-09 13:49:01 - INFO - /veiculos GET
2024-11-09 13:49:02 - INFO - /veiculos GET
2024-11-09 13:49:02 - INFO - /veiculos GET
2024-11-09 13:49:03 - INFO - /veiculos GET
2024-11-09 13:49:03 - INFO - /veiculos GET
2024-11-09 13:49:04 - INFO - /veiculos GET
2024-11-09 13:49:04 - INFO - /veiculos GET
2024-11-09 13:49:05 - INFO - /veiculos GET
2024-11-09 13:49:06 - INFO - /veiculos GET
2024-11-09 13:49:06 - INFO - /veiculos GET
2024-11-09 13:49:07 - INFO - /veiculos GET
2024-11-09 13:49:07 - INFO - /veiculos GET
2024-11-09 13:49:08 - INFO - /veiculos GET
2024-11-09 13:49:08 - INFO - /veiculos GET
2024-11-09 13:49:09 - INFO - /veiculos GET
2024-11-09 13:49:10 - INFO - /veiculos GET
2024-11-09 13:49:10 - INFO - /veiculos GET
2024-11-09 13:49:11 - INFO - /veiculos GET
2024-11-09 13:49:11 - INFO - /veiculos GET
2024-11-09 13:49:12 - INFO - /veiculos GET
2024-11-09 13:49:12 - INFO - /veiculos GET
2024-11-09 13:49:13 - INFO - /veiculos GET
2024-11-09 13:49:13 - INFO - /veiculos GET
2024-11-09 13:49:14 - INFO - /veiculos GET
2024-11-09 13:49:14 - INFO - /veiculos GET
2024-11-09 13:49:15 - INFO - /veiculos GET
2024-11-09 13:49:16 - INFO - /veiculos GET
2024-11-09 13:49:16 - INFO - /veiculos GET
2024-11-09 13:49:17 - INFO - /veiculos GET
2024-11-09 13:49:17 - INFO - /veiculos GET
2024-11-09 13:49:18 - INFO - /veiculos GET
2024-11-09 13:49:19 - INFO - /veiculos GET
2024-11-09 13:49:19 - INFO - /veiculos GET
2024-11-09 13:49:20 - INFO - /veiculos GET
2024-11-09 13:49:20 - INFO - /veiculos GET
2024-11-09 13:49:21 - INFO - /veiculos GET
2024-11-09 13:49:21 - INFO - /veiculos GET
2024-11-09 13:49:22 - INFO - /veiculos GET
2024-11-09 13:49:23 - INFO - /veiculos GET
2024-11-09 13:49:23 - INFO - /veiculos GET
2024-11-09 13:49:24 - INFO - /veiculos GET
2024-11-09 13:49:24 - INFO - /veiculos GET
2024-11-09 13:49:25 - INFO - /veiculos GET
2024-11-09 13:49:25 - INFO - /veiculos GET
2024-11-09 13:49:26 - INFO - /veiculos GET
2024-11-09 13:49:27 - INFO - /veiculos GET
2024-11-09 13:49:27 - INFO - /veiculos GET
2024-11-09 13:49:28 - INFO - /veiculos GET
2024-11-09 13:49:28 - INFO - /veiculos GET
2024-11-09 13:49:29 - INFO - /veiculos GET
2024-11-09 13:49:29 - INFO - /veiculos GET
2024-11-09 13:49:30 - INFO - /veiculos GET
2024-11-09 13:49:30 - INFO - /veiculos GET
2024-11-09 13:49:31 - INFO - /veiculos GET
2024-11-09 13:49:32 - INFO - /veiculos GET
2024-11-09 13:49:32 - INFO - /veiculos GET
2024-11-09 13:49:33 - INFO - /veiculos GET
2024-11-09 13:49:34 - INFO - /veiculos GET
2024-11-09 13:49:34 - INFO - /veiculos GET
2024-11-09 13:49:35 - INFO - /veiculos GET
2024-11-09 13:49:35 - INFO - /veiculos GET
2024-11-09 13:49:36 - INFO - /veiculos GET
2024-11-09 13:49:36 - INFO - /veiculos GET
2024-11-09 13:49:37 - INFO - /veiculos GET
2024-11-09 13:49:37 - INFO - /veiculos GET
2024-11-09 13:49:38 - INFO - /veiculos GET
2024-11-09 13:49:39 - INFO - /veiculos GET
2024-11-09 13:49:39 - INFO - /veiculos GET
2024-11-09 13:49:40 - INFO - /veiculos GET
2024-11-09 13:49:40 - INFO - /veiculos GET
2024-11-09 13:49:41 - INFO - /veiculos GET
2024-11-09 13:49:41 - INFO - /veiculos GET
2024-11-09 13:49:42 - INFO - /veiculos GET
2024-11-09 13:49:43 - INFO - /veiculos GET
2024-11-09 13:49:43 - INFO - /veiculos GET
2024-11-09 13:49:44 - INFO - /veiculos GET
2024-11-09 13:49:44 - INFO - /veiculos GET
2024-11-09 13:49:45 - INFO - /veiculos GET
2024-11-09 13:49:46 - INFO - /veiculos GET
2024-11-09 13:49:46 - INFO - /veiculos GET
2024-11-09 13:49:47 - INFO - /veiculos GET
2024-11-09 13:49:47 - INFO - /veiculos GET
2024-11-09 13:49:48 - INFO - /veiculos GET
2024-11-09 13:49:48 - INFO - /veiculos GET
2024-11-09 13:49:49 - INFO - /veiculos GET
2024-11-09 13:49:49 - INFO - /veiculos GET
2024-11-09 13:49:50 - INFO - /veiculos GET
2024-11-09 13:49:51 - INFO - /veiculos GET
2024-11-09 13:49:51 - INFO - /veiculos GET
2024-11-09 13:49:52 - INFO - /veiculos GET
2024-11-09 13:49:52 - INFO - /veiculos GET
2024-11-09 13:49:53 - INFO - /veiculos GET
2024-11-09 13:49:53 - INFO - /veiculos GET
2024-11-09 13:49:54 - INFO - /veiculos GET
2024-11-09 13:49:54 - INFO - /veiculos GET
2024-11-09 13:49:55 - INFO - /veiculos GET
2024-11-09 13:49:56 - INFO - /veiculos GET
2024-11-09 13:49:57 - INFO - /veiculos GET
2024-11-09 13:49:57 - INFO - /veiculos GET
2024-11-09 13:49:58 - INFO - /veiculos GET
2024-11-09 13:49:58 - INFO - /veiculos GET
2024-11-09 13:49:59 - INFO - /veiculos GET
2024-11-09 13:50:00 - INFO - /veiculos GET
2024-11-09 13:50:00 - INFO - /veiculos GET
2024-11-09 13:50:01 - INFO - /veiculos GET
2024-11-09 13:50:01 - INFO - /veiculos GET
2024-11-09 13:50:02 - INFO - /veiculos GET
2024-11-09 13:50:02 - INFO - /veiculos GET
2024-11-09 13:50:03 - INFO - /veiculos GET
2024-11-09 13:50:04 - INFO - /veiculos GET
2024-11-09 13:50:04 - INFO - /veiculos GET
2024-11-09 13:50:05 - INFO - /veiculos GET
2024-11-09 13:50:05 - INFO - /veiculos GET
2024-11-09 13:50:06 - INFO - /veiculos GET
2024-11-09 13:50:07 - INFO - /veiculos GET
2024-11-09 13:50:07 - INFO - /veiculos GET
2024-11-09 13:50:08 - INFO - /veiculos GET
2024-11-09 13:50:09 - INFO - /veiculos GET
2024-11-09 13:50:09 - INFO - /veiculos GET
2024-11-09 13:50:10 - INFO - /veiculos GET
2024-11-09 13:50:10 - INFO - /veiculos GET
2024-11-09 13:50:11 - INFO - /veiculos GET
2024-11-09 13:50:12 - INFO - /veiculos GET
2024-11-09 13:50:12 - INFO - /veiculos GET
2024-11-09 13:50:13 - INFO - /veiculos GET
2024-11-09 13:50:13 - INFO - /veiculos GET
2024-11-09 13:50:14 - INFO - /veiculos GET
2024-11-09 13:50:14 - INFO - /veiculos GET
2024-11-09 13:50:15 - INFO - /veiculos GET
2024-11-09 13:50:15 - INFO - /veiculos GET
2024-11-09 13:50:16 - INFO - /veiculos GET
2024-11-09 13:50:17 - INFO - /veiculos GET
2024-11-09 13:50:17 - INFO - /veiculos GET
2024-11-09 13:50:18 - INFO - /veiculos GET
2024-11-09 13:50:18 - INFO - /veiculos GET
2024-11-09 13:50:19 - INFO - /veiculos GET
2024-11-09 13:50:19 - INFO - /veiculos GET
2024-11-09 13:50:20 - INFO - /veiculos GET
2024-11-09 13:50:21 - INFO - /veiculos GET
2024-11-09 13:50:21 - INFO - /veiculos GET
2024-11-09 13:50:22 - INFO - /veiculos GET
2024-11-09 13:50:23 - INFO - /veiculos GET
2024-11-09 13:50:23 - INFO - /veiculos GET
2024-11-09 13:50:24 - INFO - /veiculos GET
2024-11-09 13:50:24 - INFO - /veiculos GET
2024-11-09 13:50:25 - INFO - /veiculos GET
2024-11-09 13:50:25 - INFO - /veiculos GET
2024-11-09 13:50:26 - INFO - /veiculos GET
2024-11-09 13:50:26 - INFO - /veiculos GET
2024-11-09 13:50:27 - INFO - /veiculos GET
2024-11-09 13:50:28 - INFO - /veiculos GET
2024-11-09 13:50:28 - INFO - /veiculos GET
2024-11-09 13:50:29 - INFO - /veiculos GET
2024-11-09 13:50:29 - INFO - /veiculos GET
2024-11-09 13:50:30 - INFO - /veiculos GET
2024-11-09 13:50:31 - INFO - /veiculos GET
2024-11-09 13:50:31 - INFO - /veiculos GET
2024-11-09 13:50:32 - INFO - /veiculos GET
2024-11-09 13:50:32 - INFO - /veiculos GET
2024-11-09 13:50:33 - INFO - /veiculos GET
2024-11-09 13:50:33 - INFO - /veiculos GET
2024-11-09 13:50:34 - INFO - /veiculos GET
2024-11-09 13:50:34 - INFO - /veiculos GET
2024-11-09 13:50:35 - INFO - /veiculos GET
2024-11-09 13:50:35 - INFO - /veiculos GET
2024-11-09 13:50:36 - INFO - /veiculos GET
2024-11-09 13:50:37 - INFO - /veiculos GET
2024-11-09 13:50:37 - INFO - /veiculos GET
2024-11-09 13:50:38 - INFO - /veiculos GET
2024-11-09 13:50:39 - INFO - /veiculos GET
2024-11-09 13:50:39 - INFO - /veiculos GET
2024-11-09 13:50:40 - INFO - /veiculos GET
2024-11-09 13:50:40 - INFO - /veiculos GET
2024-11-09 13:50:41 - INFO - /veiculos GET
2024-11-09 13:50:41 - INFO - /veiculos GET
2024-11-09 13:50:42 - INFO - /veiculos GET
2024-11-09 13:50:42 - INFO - /veiculos GET
2024-11-09 13:50:43 - INFO - /veiculos GET
2024-11-09 13:50:44 - INFO - /veiculos GET
2024-11-09 13:50:44 - INFO - /veiculos GET
2024-11-09 13:50:45 - INFO - /veiculos GET
2024-11-09 13:50:45 - INFO - /veiculos GET
2024-11-09 13:50:46 - INFO - /veiculos GET
2024-11-09 13:50:47 - INFO - /veiculos GET
2024-11-09 13:50:47 - INFO - /veiculos GET
2024-11-09 13:50:48 - INFO - /veiculos GET
2024-11-09 13:50:48 - INFO - /veiculos GET
2024-11-09 13:50:49 - INFO - /veiculos GET
2024-11-09 13:50:50 - INFO - /veiculos GET
2024-11-09 13:50:50 - INFO - /veiculos GET
2024-11-09 13:50:51 - INFO - /veiculos GET
2024-11-09 13:50:51 - INFO - /veiculos GET
2024-11-09 13:50:52 - INFO - /veiculos GET
2024-11-09 13:50:53 - INFO - /veiculos GET
2024-11-09 13:50:54 - INFO - /veiculos GET
2024-11-09 13:50:55 - INFO - /veiculos GET
2024-11-09 13:50:55 - INFO - /veiculos GET
2024-11-09 13:50:56 - INFO - /veiculos GET
2024-11-09 13:50:57 - INFO - /veiculos GET
2024-11-09 13:50:57 - INFO - /veiculos GET
2024-11-09 13:50:58 - INFO - /veiculos GET
2024-11-09 13:50:59 - INFO - /veiculos GET
2024-11-09 13:50:59 - INFO - /veiculos GET
2024-11-09 13:51:00 - INFO - /veiculos GET
2024-11-09 13:51:01 - INFO - /veiculos GET
2024-11-09 13:51:01 - INFO - /veiculos GET
2024-11-09 13:51:02 - INFO - /veiculos GET
2024-11-09 13:51:02 - INFO - /veiculos GET
2024-11-09 13:51:03 - INFO - /veiculos GET
2024-11-09 13:51:03 - INFO - /veiculos GET
2024-11-09 13:51:04 - INFO - /veiculos GET
2024-11-09 13:51:05 - INFO - /veiculos GET
2024-11-09 13:51:05 - INFO - /veiculos GET
2024-11-09 13:51:06 - INFO - /veiculos GET
2024-11-09 13:51:06 - INFO - /veiculos GET
2024-11-09 13:51:07 - INFO - /veiculos GET
2024-11-09 13:51:08 - INFO - /veiculos GET
2024-11-09 13:51:08 - INFO - /veiculos GET
2024-11-09 13:51:09 - INFO - /veiculos GET
2024-11-09 13:51:10 - INFO - /veiculos GET
2024-11-09 13:51:10 - INFO - /veiculos GET
2024-11-09 13:51:11 - INFO - /veiculos GET
2024-11-09 13:51:11 - INFO - /veiculos GET
2024-11-09 13:51:12 - INFO - /veiculos GET
2024-11-09 13:51:12 - INFO - /veiculos GET
2024-11-09 13:51:13 - INFO - /veiculos GET
2024-11-09 13:51:14 - INFO - /veiculos GET
2024-11-09 13:51:14 - INFO - /veiculos GET
2024-11-09 13:51:15 - INFO - /veiculos GET
2024-11-09 13:51:15 - INFO - /veiculos GET
2024-11-09 13:51:16 - INFO - /veiculos GET
2024-11-09 13:51:16 - INFO - /veiculos GET
2024-11-09 13:51:17 - INFO - /veiculos GET
2024-11-09 13:51:17 - INFO - /veiculos GET
2024-11-09 13:51:18 - INFO - /veiculos GET
2024-11-09 13:51:19 - INFO - /veiculos GET
2024-11-09 13:51:19 - INFO - /veiculos GET
2024-11-09 13:51:20 - INFO - /veiculos GET
2024-11-09 13:51:21 - INFO - /veiculos GET
2024-11-09 13:51:21 - INFO - /veiculos GET
2024-11-09 13:51:22 - INFO - /veiculos GET
2024-11-09 13:51:23 - INFO - /veiculos GET
2024-11-09 13:51:23 - INFO - /veiculos GET
2024-11-09 13:51:24 - INFO - /veiculos GET
2024-11-09 13:51:24 - INFO - /veiculos GET
2024-11-09 13:51:25 - INFO - /veiculos GET
2024-11-09 13:51:26 - INFO - /veiculos GET
2024-11-09 13:51:26 - INFO - /veiculos GET
2024-11-09 13:51:27 - INFO - /veiculos GET
2024-11-09 13:51:28 - INFO - /veiculos GET
2024-11-09 13:51:28 - INFO - /veiculos GET
2024-11-09 13:51:29 - INFO - /veiculos GET
2024-11-09 13:51:29 - INFO - /veiculos GET
2024-11-09 13:51:30 - INFO - /veiculos GET
2024-11-09 13:51:31 - INFO - /veiculos GET
2024-11-09 13:51:31 - INFO - /veiculos GET
2024-11-09 13:51:32 - INFO - /veiculos GET
2024-11-09 13:51:32 - INFO - /veiculos GET
2024-11-09 13:51:33 - INFO - /veiculos GET
2024-11-09 13:51:34 - INFO - /veiculos GET
2024-11-09 13:51:34 - INFO - /veiculos GET
2024-11-09 13:51:35 - INFO - /veiculos GET
2024-11-09 13:51:35 - INFO - /veiculos GET
2024-11-09 13:51:36 - INFO - /veiculos GET
2024-11-09 13:51:36 - INFO - /veiculos GET
2024-11-09 13:51:37 - INFO - /veiculos GET
2024-11-09 13:51:37 - INFO - /veiculos GET
2024-11-09 13:51:38 - INFO - /veiculos GET
2024-11-09 13:51:38 - INFO - /veiculos GET
2024-11-09 13:51:39 - INFO - /veiculos GET
2024-11-09 13:51:40 - INFO - /veiculos GET
2024-11-09 13:51:41 - INFO - /veiculos GET
2024-11-09 13:51:42 - INFO - /veiculos GET
2024-11-09 13:51:42 - INFO - /veiculos GET
2024-11-09 13:51:43 - INFO - /veiculos GET
2024-11-09 13:51:44 - INFO - /veiculos GET
2024-11-09 13:51:44 - INFO - /veiculos GET
2024-11-09 13:51:45 - INFO - /veiculos GET
2024-11-09 13:51:45 - INFO - /veiculos GET
2024-11-09 13:51:46 - INFO - /veiculos GET
2024-11-09 13:51:47 - INFO - /veiculos GET
2024-11-09 13:51:47 - INFO - /veiculos GET
2024-11-09 13:51:48 - INFO - /veiculos GET
2024-11-09 13:51:48 - INFO - /veiculos GET
2024-11-09 13:51:49 - INFO - /veiculos GET
2024-11-09 13:51:49 - INFO - /veiculos GET
2024-11-09 13:51:50 - INFO - /veiculos GET
2024-11-09 13:51:52 - INFO - /veiculos GET
2024-11-09 13:51:52 - INFO - /veiculos GET
2024-11-09 13:51:53 - INFO - /veiculos GET
2024-11-09 13:51:53 - INFO - /veiculos GET
2024-11-09 13:51:54 - INFO - /veiculos GET
2024-11-09 13:51:55 - INFO - /veiculos GET
2024-11-09 13:51:55 - INFO - /veiculos GET
2024-11-09 13:51:56 - INFO - /veiculos GET
2024-11-09 13:51:56 - INFO - /veiculos GET
2024-11-09 13:51:57 - INFO - /veiculos GET
2024-11-09 13:51:57 - INFO - /veiculos GET
2024-11-09 13:51:58 - INFO - /veiculos GET
2024-11-09 13:51:58 - INFO - /veiculos GET
2024-11-09 13:51:59 - INFO - /veiculos GET
2024-11-09 13:51:59 - INFO - /veiculos GET
2024-11-09 13:52:00 - INFO - /veiculos GET
2024-11-09 13:52:01 - INFO - /veiculos GET
2024-11-09 13:52:01 - INFO - /veiculos GET
2024-11-09 13:52:02 - INFO - /veiculos GET
2024-11-09 13:52:02 - INFO - /veiculos GET
2024-11-09 13:52:03 - INFO - /veiculos GET
2024-11-09 13:52:03 - INFO - /veiculos GET
2024-11-09 13:52:04 - INFO - /veiculos GET
2024-11-09 13:52:05 - INFO - /veiculos GET
2024-11-09 13:52:05 - INFO - /veiculos GET
2024-11-09 13:52:06 - INFO - /veiculos GET
2024-11-09 13:52:06 - INFO - /veiculos GET
2024-11-09 13:52:07 - INFO - /veiculos GET
2024-11-09 13:52:08 - INFO - /veiculos GET
2024-11-09 13:52:12 - INFO - /veiculos GET
2024-11-09 13:52:13 - INFO - /veiculos GET
2024-11-09 13:52:13 - INFO - /veiculos GET
2024-11-09 13:52:14 - INFO - /veiculos GET
2024-11-09 13:52:15 - INFO - /veiculos GET
2024-11-09 13:52:15 - INFO - /veiculos GET
2024-11-09 13:52:16 - INFO - /veiculos GET
2024-11-09 13:52:17 - INFO - /veiculos GET
2024-11-09 13:52:17 - INFO - /veiculos GET
2024-11-09 13:52:18 - INFO - /veiculos GET
2024-11-09 13:52:18 - INFO - /veiculos GET
2024-11-09 13:52:19 - INFO - /veiculos GET
2024-11-09 13:52:19 - INFO - /veiculos GET
2024-11-09 13:52:20 - INFO - /veiculos GET
2024-11-09 13:52:21 - INFO - /veiculos GET
2024-11-09 13:52:21 - INFO - /veiculos GET
2024-11-09 13:52:22 - INFO - /veiculos GET
2024-11-09 13:52:22 - INFO - /veiculos GET
2024-11-09 13:52:23 - INFO - /veiculos GET
2024-11-09 13:52:23 - INFO - /veiculos GET
2024-11-09 13:52:24 - INFO - /veiculos GET
2024-11-09 13:52:25 - INFO - /veiculos GET
2024-11-09 13:52:25 - INFO - /veiculos GET
2024-11-09 13:52:26 - INFO - /veiculos GET
2024-11-09 13:52:27 - INFO - /veiculos GET
2024-11-09 13:52:28 - INFO - /veiculos GET
2024-11-09 13:52:28 - INFO - /veiculos GET
2024-11-09 13:52:30 - INFO - /veiculos GET
2024-11-09 13:52:30 - INFO - /veiculos GET
2024-11-09 13:52:31 - INFO - /veiculos GET
2024-11-09 13:52:31 - INFO - /veiculos GET
2024-11-09 13:52:32 - INFO - /veiculos GET
2024-11-09 13:52:32 - INFO - /veiculos GET
2024-11-09 13:52:33 - INFO - /veiculos GET
2024-11-09 13:52:33 - INFO - /veiculos GET
2024-11-09 13:52:34 - INFO - /veiculos GET
2024-11-09 13:52:34 - INFO - /veiculos GET
2024-11-09 13:52:35 - INFO - /veiculos GET
2024-11-09 13:52:36 - INFO - /veiculos GET
2024-11-09 13:52:36 - INFO - /veiculos GET
2024-11-09 13:52:37 - INFO - /veiculos GET
2024-11-09 13:52:38 - INFO - /veiculos GET
2024-11-09 13:52:38 - INFO - /veiculos GET
2024-11-09 13:52:39 - INFO - /veiculos GET
2024-11-09 13:52:39 - INFO - /veiculos GET
2024-11-09 13:52:40 - INFO - /veiculos GET
2024-11-09 13:52:40 - INFO - /veiculos GET
2024-11-09 13:52:41 - INFO - /veiculos GET
2024-11-09 13:52:41 - INFO - /veiculos GET
2024-11-09 13:52:42 - INFO - /veiculos GET
2024-11-09 13:52:42 - INFO - /veiculos GET
2024-11-09 13:52:43 - INFO - /veiculos GET
2024-11-09 13:52:45 - INFO - /veiculos GET
2024-11-09 13:52:46 - INFO - /veiculos GET
2024-11-09 13:52:46 - INFO - /veiculos GET
2024-11-09 13:52:47 - INFO - /veiculos GET
2024-11-09 13:52:47 - INFO - /veiculos GET
2024-11-09 13:52:48 - INFO - /veiculos GET
2024-11-09 13:52:48 - INFO - /veiculos GET
2024-11-09 13:52:49 - INFO - /veiculos GET
2024-11-09 13:52:49 - INFO - /veiculos GET
2024-11-09 13:52:50 - INFO - /veiculos GET
2024-11-09 13:52:51 - INFO - /veiculos GET
2024-11-09 13:52:51 - INFO - /veiculos GET
2024-11-09 13:52:52 - INFO - /veiculos GET
2024-11-09 13:52:52 - INFO - /veiculos GET
2024-11-09 13:52:53 - INFO - /veiculos GET
2024-11-09 13:52:54 - INFO - /veiculos GET
2024-11-09 13:52:54 - INFO - /veiculos GET
2024-11-09 13:52:55 - INFO - /veiculos GET
2024-11-09 13:52:55 - INFO - /veiculos GET
2024-11-09 13:52:56 - INFO - /veiculos GET
2024-11-09 13:52:56 - INFO - /veiculos GET
2024-11-09 13:52:57 - INFO - /veiculos GET
2024-11-09 13:52:58 - INFO - /veiculos GET
2024-11-09 13:52:58 - INFO - /veiculos GET
2024-11-09 13:52:59 - INFO - /veiculos GET
2024-11-09 13:52:59 - INFO - /veiculos GET
2024-11-09 13:53:00 - INFO - /veiculos GET
2024-11-09 13:53:00 - INFO - /veiculos GET
2024-11-09 13:53:01 - INFO - /veiculos GET
2024-11-09 13:53:01 - INFO - /veiculos GET
2024-11-09 13:53:02 - INFO - /veiculos GET
2024-11-09 13:53:03 - INFO - /veiculos GET
2024-11-09 13:53:03 - INFO - /veiculos GET
2024-11-09 13:53:04 - INFO - /veiculos GET
2024-11-09 13:53:04 - INFO - /veiculos GET
2024-11-09 13:53:05 - INFO - /veiculos GET
2024-11-09 13:53:05 - INFO - /veiculos GET
2024-11-09 13:53:06 - INFO - /veiculos GET
2024-11-09 13:53:07 - INFO - /veiculos GET
2024-11-09 13:53:07 - INFO - /veiculos GET
2024-11-09 13:53:08 - INFO - /veiculos GET
2024-11-09 13:53:08 - INFO - /veiculos GET
2024-11-09 13:53:09 - INFO - /veiculos GET
2024-11-09 13:53:09 - INFO - /veiculos GET
2024-11-09 13:53:10 - INFO - /veiculos GET
2024-11-09 13:53:10 - INFO - /veiculos GET
2024-11-09 13:53:11 - INFO - /veiculos GET
2024-11-09 13:53:11 - INFO - /veiculos GET
2024-11-09 13:53:12 - INFO - /veiculos GET
2024-11-09 13:53:13 - INFO - /veiculos GET
2024-11-09 13:53:13 - INFO - /veiculos GET
2024-11-09 13:53:14 - INFO - /veiculos GET
2024-11-09 13:53:14 - INFO - /veiculos GET
2024-11-09 13:53:15 - INFO - /veiculos GET
2024-11-09 13:53:16 - INFO - /veiculos GET
2024-11-09 13:53:17 - INFO - /veiculos GET
2024-11-09 14:01:03 - INFO - /veiculo/<placa> GET - Veículo encontrado
2024-11-09 14:01:06 - INFO - /veiculo/<placa> GET - Veículo não encontrado
2024-11-09 14:09:46 - ERROR - /motorista POST
